# JRE version: OpenJDK Runtime Environment Temurin-21.0.6+7 (21.0.6+7) (build 21.0.6+7-LTS)
# Java VM: OpenJDK 64-Bit Server VM Temurin-21.0.6+7 (21.0.6+7-LTS, mixed mode, emulated-client, sharing, tiered, compressed oops, compressed class ptrs, g1 gc, windows-amd64)
GC Precious Log:
 CardTable entry size: 512
 Card Set container configuration: InlinePtr #cards 5 size 8 Array Of Cards #cards 12 size 40 Howl #buckets 4 coarsen threshold 1843 Howl Bitmap #cards 512 size 80 coarsen threshold 460 Card regions per heap region 1 cards per card region 2048
 CPUs: 8 total, 8 available
 Memory: 7975M
 Large Page Support: Disabled
 NUMA Support: Disabled
 Compressed Oops: Enabled (32-bit)
 Heap Region Size: 1M
 Heap Min Capacity: 8M
 Heap Initial Capacity: 126M
 Heap Max Capacity: 1G
 Pre-touch: Disabled
 Parallel Workers: 8
 Concurrent Workers: 2
 Concurrent Refinement Workers: 8
 Periodic GC: Disabled
Heap:
 garbage-first heap   total 126976K, used 43568K [0x00000000c0000000, 0x0000000100000000)
  region size 1024K, 1 young (1024K), 0 survivors (0K)
 Metaspace       used 56816K, committed 57536K, reserved 1114112K
  class space    used 7029K, committed 7360K, reserved 1048576K
GC Heap History (20 events):
Event: 839.377 GC heap after
{Heap after GC invocations=42 (full 23):
 garbage-first heap   total 126976K, used 43568K [0x00000000c0000000, 0x0000000100000000)
  region size 1024K, 0 young (0K), 0 survivors (0K)
 Metaspace       used 56816K, committed 57536K, reserved 1114112K
  class space    used 7029K, committed 7360K, reserved 1048576K
}
Event: 849.544 GC heap before
{Heap before GC invocations=42 (full 23):
 garbage-first heap   total 126976K, used 43568K [0x00000000c0000000, 0x0000000100000000)
  region size 1024K, 1 young (1024K), 0 survivors (0K)
 Metaspace       used 56816K, committed 57536K, reserved 1114112K
  class space    used 7029K, committed 7360K, reserved 1048576K
}
Event: 849.579 GC heap after
{Heap after GC invocations=43 (full 24):
 garbage-first heap   total 126976K, used 43568K [0x00000000c0000000, 0x0000000100000000)
  region size 1024K, 0 young (0K), 0 survivors (0K)
 Metaspace       used 56816K, committed 57536K, reserved 1114112K
  class space    used 7029K, committed 7360K, reserved 1048576K
}
Event: 859.789 GC heap before
{Heap before GC invocations=43 (full 24):
 garbage-first heap   total 126976K, used 43568K [0x00000000c0000000, 0x0000000100000000)
  region size 1024K, 1 young (1024K), 0 survivors (0K)
 Metaspace       used 56816K, committed 57536K, reserved 1114112K
  class space    used 7029K, committed 7360K, reserved 1048576K
}
Event: 859.819 GC heap after
{Heap after GC invocations=44 (full 25):
 garbage-first heap   total 126976K, used 43568K [0x00000000c0000000, 0x0000000100000000)
  region size 1024K, 0 young (0K), 0 survivors (0K)
 Metaspace       used 56816K, committed 57536K, reserved 1114112K
  class space    used 7029K, committed 7360K, reserved 1048576K
}
Event: 869.999 GC heap before
{Heap before GC invocations=44 (full 25):
 garbage-first heap   total 126976K, used 43568K [0x00000000c0000000, 0x0000000100000000)
  region size 1024K, 1 young (1024K), 0 survivors (0K)
 Metaspace       used 56816K, committed 57536K, reserved 1114112K
  class space    used 7029K, committed 7360K, reserved 1048576K
}
Event: 870.026 GC heap after
{Heap after GC invocations=45 (full 26):
 garbage-first heap   total 126976K, used 43568K [0x00000000c0000000, 0x0000000100000000)
  region size 1024K, 0 young (0K), 0 survivors (0K)
 Metaspace       used 56816K, committed 57536K, reserved 1114112K
  class space    used 7029K, committed 7360K, reserved 1048576K
}
Event: 880.204 GC heap before
{Heap before GC invocations=45 (full 26):
 garbage-first heap   total 126976K, used 43568K [0x00000000c0000000, 0x0000000100000000)
  region size 1024K, 1 young (1024K), 0 survivors (0K)
 Metaspace       used 56816K, committed 57536K, reserved 1114112K
  class space    used 7029K, committed 7360K, reserved 1048576K
}
Event: 880.233 GC heap after
{Heap after GC invocations=46 (full 27):
 garbage-first heap   total 126976K, used 43568K [0x00000000c0000000, 0x0000000100000000)
  region size 1024K, 0 young (0K), 0 survivors (0K)
 Metaspace       used 56816K, committed 57536K, reserved 1114112K
  class space    used 7029K, committed 7360K, reserved 1048576K
}
Event: 890.430 GC heap before
{Heap before GC invocations=46 (full 27):
 garbage-first heap   total 126976K, used 43568K [0x00000000c0000000, 0x0000000100000000)
  region size 1024K, 1 young (1024K), 0 survivors (0K)
 Metaspace       used 56816K, committed 57536K, reserved 1114112K
  class space    used 7029K, committed 7360K, reserved 1048576K
}
Event: 890.470 GC heap after
{Heap after GC invocations=47 (full 28):
 garbage-first heap   total 126976K, used 43568K [0x00000000c0000000, 0x0000000100000000)
  region size 1024K, 0 young (0K), 0 survivors (0K)
 Metaspace       used 56816K, committed 57536K, reserved 1114112K
  class space    used 7029K, committed 7360K, reserved 1048576K
}
Event: 900.688 GC heap before
{Heap before GC invocations=47 (full 28):
 garbage-first heap   total 126976K, used 43568K [0x00000000c0000000, 0x0000000100000000)
  region size 1024K, 1 young (1024K), 0 survivors (0K)
 Metaspace       used 56816K, committed 57536K, reserved 1114112K
  class space    used 7029K, committed 7360K, reserved 1048576K
}
Event: 900.726 GC heap after
{Heap after GC invocations=48 (full 29):
 garbage-first heap   total 126976K, used 43568K [0x00000000c0000000, 0x0000000100000000)
  region size 1024K, 0 young (0K), 0 survivors (0K)
 Metaspace       used 56816K, committed 57536K, reserved 1114112K
  class space    used 7029K, committed 7360K, reserved 1048576K
}
Event: 910.914 GC heap before
{Heap before GC invocations=48 (full 29):
 garbage-first heap   total 126976K, used 43568K [0x00000000c0000000, 0x0000000100000000)
  region size 1024K, 1 young (1024K), 0 survivors (0K)
 Metaspace       used 56816K, committed 57536K, reserved 1114112K
  class space    used 7029K, committed 7360K, reserved 1048576K
}
Event: 910.949 GC heap after
{Heap after GC invocations=49 (full 30):
 garbage-first heap   total 126976K, used 43568K [0x00000000c0000000, 0x0000000100000000)
  region size 1024K, 0 young (0K), 0 survivors (0K)
 Metaspace       used 56816K, committed 57536K, reserved 1114112K
  class space    used 7029K, committed 7360K, reserved 1048576K
}
Event: 921.132 GC heap before
{Heap before GC invocations=49 (full 30):
 garbage-first heap   total 126976K, used 43568K [0x00000000c0000000, 0x0000000100000000)
  region size 1024K, 1 young (1024K), 0 survivors (0K)
 Metaspace       used 56816K, committed 57536K, reserved 1114112K
  class space    used 7029K, committed 7360K, reserved 1048576K
}
Event: 921.163 GC heap after
{Heap after GC invocations=50 (full 31):
 garbage-first heap   total 126976K, used 43568K [0x00000000c0000000, 0x0000000100000000)
  region size 1024K, 0 young (0K), 0 survivors (0K)
 Metaspace       used 56816K, committed 57536K, reserved 1114112K
  class space    used 7029K, committed 7360K, reserved 1048576K
}
Event: 931.531 GC heap before
{Heap before GC invocations=50 (full 31):
 garbage-first heap   total 126976K, used 43568K [0x00000000c0000000, 0x0000000100000000)
  region size 1024K, 1 young (1024K), 0 survivors (0K)
 Metaspace       used 56816K, committed 57536K, reserved 1114112K
  class space    used 7029K, committed 7360K, reserved 1048576K
}
Event: 931.569 GC heap after
{Heap after GC invocations=51 (full 32):
 garbage-first heap   total 126976K, used 43568K [0x00000000c0000000, 0x0000000100000000)
  region size 1024K, 0 young (0K), 0 survivors (0K)
 Metaspace       used 56816K, committed 57536K, reserved 1114112K
  class space    used 7029K, committed 7360K, reserved 1048576K
}
Event: 941.625 GC heap before
{Heap before GC invocations=51 (full 32):
 garbage-first heap   total 126976K, used 43568K [0x00000000c0000000, 0x0000000100000000)
  region size 1024K, 1 young (1024K), 0 survivors (0K)
 Metaspace       used 56816K, committed 57536K, reserved 1114112K
  class space    used 7029K, committed 7360K, reserved 1048576K
}

